> Task :app:checkKotlinGradlePluginConfigurationErrors
> Task :app:preBuild UP-TO-DATE
> Task :app:preDebugBuild UP-TO-DATE
> Task :app:generateDebugBuildConfig UP-TO-DATE
> Task :app:checkDebugAarMetadata UP-TO-DATE
> Task :app:processDebugNavigationResources UP-TO-DATE
> Task :app:compileDebugNavigationResources UP-TO-DATE
> Task :app:generateDebugResValues UP-TO-DATE
> Task :app:mapDebugSourceSetPaths UP-TO-DATE
> Task :app:generateDebugResources UP-TO-DATE
> Task :app:mergeDebugResources UP-TO-DATE
> Task :app:packageDebugResources UP-TO-DATE
> Task :app:parseDebugLocalResources UP-TO-DATE
> Task :app:createDebugCompatibleScreenManifests UP-TO-DATE
> Task :app:extractDeepLinksDebug UP-TO-DATE
> Task :app:processDebugMainManifest UP-TO-DATE
> Task :app:processDebugManifest UP-TO-DATE
> Task :app:processDebugManifestForPackage UP-TO-DATE
> Task :app:processDebugResources UP-TO-DATE
> Task :app:kaptGenerateStubsDebugKotlin
> Task :app:kaptDebugKotlin

> Task :app:compileDebugKotlin
w: file:///Users/abraxas/Desktop/vesper3/app/src/main/java/com/vesper/flipper/ai/OpenRouterClient.kt:37:9 This declaration needs opt-in. Its usage should be marked with '@kotlinx.serialization.ExperimentalSerializationApi' or '@OptIn(kotlinx.serialization.ExperimentalSerializationApi::class)'
w: file:///Users/abraxas/Desktop/vesper3/app/src/main/java/com/vesper/flipper/ai/OpenRouterClient.kt:67:9 Parameter 'sessionId' is never used
w: file:///Users/abraxas/Desktop/vesper3/app/src/main/java/com/vesper/flipper/ai/OpenRouterClient.kt:173:43 Parameter 'attempt' is never used, could be renamed to _
w: file:///Users/abraxas/Desktop/vesper3/app/src/main/java/com/vesper/flipper/ai/VesperAgent.kt:189:61 Variable 'pendingApproval' initializer is redundant
w: file:///Users/abraxas/Desktop/vesper3/app/src/main/java/com/vesper/flipper/ble/BleServiceManager.kt:47:29 Parameter 'service' is never used, could be renamed to _
w: file:///Users/abraxas/Desktop/vesper3/app/src/main/java/com/vesper/flipper/ble/FlipperBleService.kt:349:33 'setter for value: ByteArray!' is deprecated. Deprecated in Java
w: file:///Users/abraxas/Desktop/vesper3/app/src/main/java/com/vesper/flipper/ble/FlipperBleService.kt:350:26 'writeDescriptor(BluetoothGattDescriptor!): Boolean' is deprecated. Deprecated in Java
w: file:///Users/abraxas/Desktop/vesper3/app/src/main/java/com/vesper/flipper/ble/FlipperBleService.kt:381:32 'getter for value: ByteArray!' is deprecated. Deprecated in Java
w: file:///Users/abraxas/Desktop/vesper3/app/src/main/java/com/vesper/flipper/ble/FlipperBleService.kt:414:32 'setter for value: ByteArray!' is deprecated. Deprecated in Java
w: file:///Users/abraxas/Desktop/vesper3/app/src/main/java/com/vesper/flipper/ble/FlipperBleService.kt:417:36 'writeCharacteristic(BluetoothGattCharacteristic!): Boolean' is deprecated. Deprecated in Java
w: file:///Users/abraxas/Desktop/vesper3/app/src/main/java/com/vesper/flipper/ble/MarauderBridge.kt:92:34 'setter for value: ByteArray!' is deprecated. Deprecated in Java
w: file:///Users/abraxas/Desktop/vesper3/app/src/main/java/com/vesper/flipper/ble/MarauderBridge.kt:93:34 'writeDescriptor(BluetoothGattDescriptor!): Boolean' is deprecated. Deprecated in Java
w: file:///Users/abraxas/Desktop/vesper3/app/src/main/java/com/vesper/flipper/ble/MarauderBridge.kt:173:14 'setter for value: ByteArray!' is deprecated. Deprecated in Java
w: file:///Users/abraxas/Desktop/vesper3/app/src/main/java/com/vesper/flipper/ble/MarauderBridge.kt:174:14 'writeCharacteristic(BluetoothGattCharacteristic!): Boolean' is deprecated. Deprecated in Java
w: file:///Users/abraxas/Desktop/vesper3/app/src/main/java/com/vesper/flipper/ble/MarauderBridge.kt:201:32 Parameter 'index' is never used, could be renamed to _
w: file:///Users/abraxas/Desktop/vesper3/app/src/main/java/com/vesper/flipper/data/repository/DeviceRepository.kt:253:9 Parameter 'identifier' is never used
w: file:///Users/abraxas/Desktop/vesper3/app/src/main/java/com/vesper/flipper/data/repository/DeviceRepository.kt:281:9 Parameter 'uid' is never used
w: file:///Users/abraxas/Desktop/vesper3/app/src/main/java/com/vesper/flipper/domain/executor/CommandExecutor.kt:93:35 Variable 'executionTime' initializer is redundant
w: file:///Users/abraxas/Desktop/vesper3/app/src/main/java/com/vesper/flipper/domain/executor/RiskAssessor.kt:147:21 Variable 'path' is never used
w: file:///Users/abraxas/Desktop/vesper3/app/src/main/java/com/vesper/flipper/domain/model/Alchemy.kt:148:55 Parameter 'modulation' is never used
w: file:///Users/abraxas/Desktop/vesper3/app/src/main/java/com/vesper/flipper/domain/model/Alchemy.kt:341:13 Variable 'currentSample' is never used
w: file:///Users/abraxas/Desktop/vesper3/app/src/main/java/com/vesper/flipper/domain/model/Alchemy.kt:342:13 Variable 'isHigh' is never used
w: file:///Users/abraxas/Desktop/vesper3/app/src/main/java/com/vesper/flipper/domain/model/Chimera.kt:344:64 Parameter 'finalTiming' is never used
w: file:///Users/abraxas/Desktop/vesper3/app/src/main/java/com/vesper/flipper/domain/model/Chimera.kt:345:35 Parameter 'index' is never used, could be renamed to _
w: file:///Users/abraxas/Desktop/vesper3/app/src/main/java/com/vesper/flipper/domain/model/Oracle.kt:333:13 Variable 'gapClusters' is never used
w: file:///Users/abraxas/Desktop/vesper3/app/src/main/java/com/vesper/flipper/domain/model/Signal.kt:155:30 Variable 'currentCommand' initializer is redundant
w: file:///Users/abraxas/Desktop/vesper3/app/src/main/java/com/vesper/flipper/domain/protocol/SubGhzProtocols.kt:271:13 Variable 'pressure' is never used
w: file:///Users/abraxas/Desktop/vesper3/app/src/main/java/com/vesper/flipper/domain/protocol/SubGhzProtocols.kt:272:13 Variable 'temp' is never used
w: file:///Users/abraxas/Desktop/vesper3/app/src/main/java/com/vesper/flipper/domain/protocol/SubGhzProtocols.kt:534:21 'when' is exhaustive so 'else' is redundant here
w: file:///Users/abraxas/Desktop/vesper3/app/src/main/java/com/vesper/flipper/ui/components/DiffViewer.kt:81:35 Parameter 'index' is never used, could be renamed to _
w: file:///Users/abraxas/Desktop/vesper3/app/src/main/java/com/vesper/flipper/ui/screen/AlchemyLabScreen.kt:477:5 Parameter 'index' is never used
w: file:///Users/abraxas/Desktop/vesper3/app/src/main/java/com/vesper/flipper/ui/screen/ChatScreen.kt:58:9 Variable 'coroutineScope' is never used
w: file:///Users/abraxas/Desktop/vesper3/app/src/main/java/com/vesper/flipper/ui/screen/ChatScreen.kt:68:9 Variable 'multiPhotoPickerLauncher' is never used
w: file:///Users/abraxas/Desktop/vesper3/app/src/main/java/com/vesper/flipper/ui/screen/ChatScreen.kt:77:9 Variable 'voiceError' is never used
w: file:///Users/abraxas/Desktop/vesper3/app/src/main/java/com/vesper/flipper/ui/screen/ChatScreen.kt:383:29 Parameter 'toolCall' is never used
w: file:///Users/abraxas/Desktop/vesper3/app/src/main/java/com/vesper/flipper/ui/screen/ChatScreen.kt:464:9 Variable 'context' is never used
w: file:///Users/abraxas/Desktop/vesper3/app/src/main/java/com/vesper/flipper/ui/screen/DeviceTrackerScreen.kt:41:9 Variable 'selectedCategory' is never used
w: file:///Users/abraxas/Desktop/vesper3/app/src/main/java/com/vesper/flipper/ui/screen/DeviceTrackerScreen.kt:457:9 Variable 'notes' is never used
w: file:///Users/abraxas/Desktop/vesper3/app/src/main/java/com/vesper/flipper/ui/screen/DeviceTrackerScreen.kt:461:9 Variable 'newNote' is never used
w: file:///Users/abraxas/Desktop/vesper3/app/src/main/java/com/vesper/flipper/ui/screen/FapHubScreen.kt:230:5 Parameter 'appCount' is never used
w: file:///Users/abraxas/Desktop/vesper3/app/src/main/java/com/vesper/flipper/ui/screen/SpectralOracleScreen.kt:179:9 Variable 'rotation' is never used
w: file:///Users/abraxas/Desktop/vesper3/app/src/main/java/com/vesper/flipper/ui/screen/SpectralOracleScreen.kt:209:51 Parameter 'index' is never used, could be renamed to _
w: file:///Users/abraxas/Desktop/vesper3/app/src/main/java/com/vesper/flipper/ui/viewmodel/DeviceTrackerViewModel.kt:50:7 This declaration needs opt-in. Its usage should be marked with '@kotlinx.coroutines.ExperimentalCoroutinesApi' or '@OptIn(kotlinx.coroutines.ExperimentalCoroutinesApi::class)'
w: file:///Users/abraxas/Desktop/vesper3/app/src/main/java/com/vesper/flipper/ui/viewmodel/DeviceTrackerViewModel.kt:100:25 This declaration needs opt-in. Its usage should be marked with '@kotlinx.coroutines.ExperimentalCoroutinesApi' or '@OptIn(kotlinx.coroutines.ExperimentalCoroutinesApi::class)'
w: file:///Users/abraxas/Desktop/vesper3/app/src/main/java/com/vesper/flipper/ui/viewmodel/DeviceTrackerViewModel.kt:110:25 This declaration needs opt-in. Its usage should be marked with '@kotlinx.coroutines.ExperimentalCoroutinesApi' or '@OptIn(kotlinx.coroutines.ExperimentalCoroutinesApi::class)'
w: file:///Users/abraxas/Desktop/vesper3/app/src/main/java/com/vesper/flipper/ui/viewmodel/FapHubViewModel.kt:184:21 Variable 'targetPath' is never used
w: file:///Users/abraxas/Desktop/vesper3/app/src/main/java/com/vesper/flipper/web/WebFileServer.kt:84:33 'getter for connectionInfo: WifiInfo!' is deprecated. Deprecated in Java
w: file:///Users/abraxas/Desktop/vesper3/app/src/main/java/com/vesper/flipper/web/WebFileServer.kt:84:48 'getter for ipAddress: Int' is deprecated. Deprecated in Java
w: file:///Users/abraxas/Desktop/vesper3/app/src/main/java/com/vesper/flipper/widget/SignalWidget.kt:71:9 Parameter 'context' is never used
w: file:///Users/abraxas/Desktop/vesper3/app/src/main/java/com/vesper/flipper/widget/SignalWidget.kt:72:9 Parameter 'appWidgetManager' is never used
w: file:///Users/abraxas/Desktop/vesper3/app/src/main/java/com/vesper/flipper/widget/SignalWidget.kt:73:9 Parameter 'appWidgetId' is never used
w: file:///Users/abraxas/Desktop/vesper3/app/src/main/java/com/vesper/flipper/widget/SignalWidget.kt:74:9 Parameter 'triggeredSignalId' is never used

[Incubating] Problems report is available at: file:///Users/abraxas/Desktop/vesper3/build/reports/problems/problems-report.html

Deprecated Gradle features were used in this build, making it incompatible with Gradle 9.0.

You can use '--warning-mode all' to show the individual deprecation warnings and determine if they come from your own scripts or plugins.

For more on this, please refer to https://docs.gradle.org/8.13/userguide/command_line_interface.html#sec:command_line_warnings in the Gradle documentation.

BUILD SUCCESSFUL in 13s
20 actionable tasks: 4 executed, 16 up-to-date
